<?xml version="1.0" encoding="utf-8"?><testsuites name="pytest tests"><testsuite name="pytest" errors="0" failures="0" skipped="0" tests="7" time="1.765" timestamp="2026-07-16T01:39:12.848324+00:00" hostname="agent-env-50e87902-5697-4e3f-8d06-1e30e24a97ba"><testcase classname="tests.backend_test.TestRoot" name="test_root_welcome" time="0.248" /><testcase classname="tests.backend_test.TestContactLeads" name="test_create_contact_valid" time="0.203" /><testcase classname="tests.backend_test.TestContactLeads" name="test_create_contact_missing_name" time="0.049" /><testcase classname="tests.backend_test.TestContactLeads" name="test_create_contact_missing_phone" time="0.047" /><testcase classname="tests.backend_test.TestContactLeads" name="test_create_contact_missing_message" time="0.046" /><testcase classname="tests.backend_test.TestContactLeads" name="test_create_contact_short_name" time="0.051" /><testcase classname="tests.backend_test.TestContactLeads" name="test_list_contacts_includes_recent" time="0.604" /></testsuite></testsuites>